<?xml version="1.0" encoding="UTF-8"?>
<!-- Generated by org.testng.reporters.JUnitXMLReporter -->
<testsuite ignored="0" hostname="LAPTOP-11QV4DI1" failures="0" tests="1" name="FlightRegistration Testcase" time="0.046" errors="0" timestamp="2025-11-10T15:04:07 IST">
  <testcase classname="Flight.library.UserRegistration" name="@BeforeTest addUser" time="-1.762767247419E9">
    <failure type="org.testng.TestNGException" message="
Can inject only one of &amp;lt;ITestContext, XmlTest&amp;gt; into a @BeforeTest annotated addUser.
For more information on native dependency injection please refer to https://testng.org/doc/documentation-main.html#native-dependency-injection">
      <![CDATA[org.testng.TestNGException: 
Can inject only one of <ITestContext, XmlTest> into a @BeforeTest annotated addUser.
For more information on native dependency injection please refer to https://testng.org/doc/documentation-main.html#native-dependency-injection
... Removed 21 stack frames]]>
    </failure>
  </testcase> <!-- @BeforeTest addUser -->
  <testcase classname="Flight.library.UserRegistration" name="@AfterTest isRegisterMsgdisplayed" time="0.0">
    <skipped/>
  </testcase> <!-- @AfterTest isRegisterMsgdisplayed -->
  <testcase classname="Flight.testcases.UserRegistrationsuccess" name="checkUserRegistation" time="0.0">
    <skipped/>
  </testcase> <!-- checkUserRegistation -->
</testsuite> <!-- FlightRegistration Testcase -->
